# JRE version: OpenJDK Runtime Environment Temurin-17.0.4.1+1 (17.0.4.1+1) (build 17.0.4.1+1)
# Java VM: OpenJDK 64-Bit Server VM Temurin-17.0.4.1+1 (17.0.4.1+1, mixed mode, tiered, compressed oops, compressed class ptrs, g1 gc, windows-amd64)
GC Precious Log:
 CPUs: 4 total, 4 available
 Memory: 3838M
 Large Page Support: Disabled
 NUMA Support: Disabled
 Compressed Oops: Enabled (32-bit)
 Heap Region Size: 1M
 Heap Min Capacity: 8M
 Heap Initial Capacity: 60M
 Heap Max Capacity: 960M
 Pre-touch: Disabled
 Parallel Workers: 4
 Concurrent Workers: 1
 Concurrent Refinement Workers: 4
 Periodic GC: Disabled
Heap:
 garbage-first heap   total 27648K, used 12345K [0x00000000c4000000, 0x0000000100000000)
  region size 1024K, 4 young (4096K), 1 survivors (1024K)
 Metaspace       used 29592K, committed 29888K, reserved 1081344K
  class space    used 3406K, committed 3584K, reserved 1048576K
GC Heap History (16 events):
Event: 1.327 GC heap before
{Heap before GC invocations=0 (full 0):
 garbage-first heap   total 61440K, used 13312K [0x00000000c4000000, 0x0000000100000000)
  region size 1024K, 13 young (13312K), 0 survivors (0K)
 Metaspace       used 12601K, committed 12736K, reserved 1064960K
  class space    used 1197K, committed 1280K, reserved 1048576K
}
Event: 1.331 GC heap after
{Heap after GC invocations=1 (full 0):
 garbage-first heap   total 61440K, used 3838K [0x00000000c4000000, 0x0000000100000000)
  region size 1024K, 2 young (2048K), 2 survivors (2048K)
 Metaspace       used 12601K, committed 12736K, reserved 1064960K
  class space    used 1197K, committed 1280K, reserved 1048576K
}
Event: 1.809 GC heap before
{Heap before GC invocations=1 (full 0):
 garbage-first heap   total 61440K, used 17150K [0x00000000c4000000, 0x0000000100000000)
  region size 1024K, 15 young (15360K), 2 survivors (2048K)
 Metaspace       used 16969K, committed 17216K, reserved 1064960K
  class space    used 1804K, committed 1920K, reserved 1048576K
}
Event: 1.812 GC heap after
{Heap after GC invocations=2 (full 0):
 garbage-first heap   total 61440K, used 5202K [0x00000000c4000000, 0x0000000100000000)
  region size 1024K, 2 young (2048K), 2 survivors (2048K)
 Metaspace       used 16969K, committed 17216K, reserved 1064960K
  class space    used 1804K, committed 1920K, reserved 1048576K
}
Event: 11.480 GC heap before
{Heap before GC invocations=2 (full 0):
 garbage-first heap   total 61440K, used 18514K [0x00000000c4000000, 0x0000000100000000)
  region size 1024K, 16 young (16384K), 2 survivors (2048K)
 Metaspace       used 21277K, committed 21504K, reserved 1073152K
  class space    used 2415K, committed 2496K, reserved 1048576K
}
Event: 11.489 GC heap after
{Heap after GC invocations=3 (full 0):
 garbage-first heap   total 61440K, used 6475K [0x00000000c4000000, 0x0000000100000000)
  region size 1024K, 3 young (3072K), 3 survivors (3072K)
 Metaspace       used 21277K, committed 21504K, reserved 1073152K
  class space    used 2415K, committed 2496K, reserved 1048576K
}
Event: 12.506 GC heap before
{Heap before GC invocations=4 (full 0):
 garbage-first heap   total 27648K, used 19787K [0x00000000c4000000, 0x0000000100000000)
  region size 1024K, 16 young (16384K), 3 survivors (3072K)
 Metaspace       used 25357K, committed 25664K, reserved 1073152K
  class space    used 2906K, committed 3072K, reserved 1048576K
}
Event: 12.510 GC heap after
{Heap after GC invocations=5 (full 0):
 garbage-first heap   total 27648K, used 8414K [0x00000000c4000000, 0x0000000100000000)
  region size 1024K, 2 young (2048K), 2 survivors (2048K)
 Metaspace       used 25357K, committed 25664K, reserved 1073152K
  class space    used 2906K, committed 3072K, reserved 1048576K
}
Event: 12.535 GC heap before
{Heap before GC invocations=5 (full 0):
 garbage-first heap   total 27648K, used 9438K [0x00000000c4000000, 0x0000000100000000)
  region size 1024K, 3 young (3072K), 2 survivors (2048K)
 Metaspace       used 25633K, committed 25920K, reserved 1073152K
  class space    used 2942K, committed 3072K, reserved 1048576K
}
Event: 12.538 GC heap after
{Heap after GC invocations=6 (full 0):
 garbage-first heap   total 27648K, used 8601K [0x00000000c4000000, 0x0000000100000000)
  region size 1024K, 1 young (1024K), 1 survivors (1024K)
 Metaspace       used 25633K, committed 25920K, reserved 1073152K
  class space    used 2942K, committed 3072K, reserved 1048576K
}
Event: 19.484 GC heap before
{Heap before GC invocations=6 (full 0):
 garbage-first heap   total 27648K, used 16793K [0x00000000c4000000, 0x0000000100000000)
  region size 1024K, 10 young (10240K), 1 survivors (1024K)
 Metaspace       used 27866K, committed 28160K, reserved 1081344K
  class space    used 3257K, committed 3392K, reserved 1048576K
}
Event: 19.486 GC heap after
{Heap after GC invocations=7 (full 0):
 garbage-first heap   total 27648K, used 8888K [0x00000000c4000000, 0x0000000100000000)
  region size 1024K, 1 young (1024K), 1 survivors (1024K)
 Metaspace       used 27866K, committed 28160K, reserved 1081344K
  class space    used 3257K, committed 3392K, reserved 1048576K
}
Event: 38.180 GC heap before
{Heap before GC invocations=7 (full 0):
 garbage-first heap   total 27648K, used 18104K [0x00000000c4000000, 0x0000000100000000)
  region size 1024K, 10 young (10240K), 1 survivors (1024K)
 Metaspace       used 29111K, committed 29440K, reserved 1081344K
  class space    used 3372K, committed 3520K, reserved 1048576K
}
Event: 38.184 GC heap after
{Heap after GC invocations=8 (full 0):
 garbage-first heap   total 27648K, used 9836K [0x00000000c4000000, 0x0000000100000000)
  region size 1024K, 2 young (2048K), 2 survivors (2048K)
 Metaspace       used 29111K, committed 29440K, reserved 1081344K
  class space    used 3372K, committed 3520K, reserved 1048576K
}
Event: 71.834 GC heap before
{Heap before GC invocations=8 (full 0):
 garbage-first heap   total 27648K, used 18028K [0x00000000c4000000, 0x0000000100000000)
  region size 1024K, 11 young (11264K), 2 survivors (2048K)
 Metaspace       used 29499K, committed 29824K, reserved 1081344K
  class space    used 3393K, committed 3520K, reserved 1048576K
}
Event: 71.864 GC heap after
{Heap after GC invocations=9 (full 0):
 garbage-first heap   total 27648K, used 10297K [0x00000000c4000000, 0x0000000100000000)
  region size 1024K, 1 young (1024K), 1 survivors (1024K)
 Metaspace       used 29499K, committed 29824K, reserved 1081344K
  class space    used 3393K, committed 3520K, reserved 1048576K
}

